mode: set
github.com/jfk23/gobookings/internal/handlers/handlers.go:32.68,37.2 1 0
github.com/jfk23/gobookings/internal/handlers/handlers.go:39.57,44.2 1 1
github.com/jfk23/gobookings/internal/handlers/handlers.go:46.32,48.2 1 1
github.com/jfk23/gobookings/internal/handlers/handlers.go:51.69,55.2 1 1
github.com/jfk23/gobookings/internal/handlers/handlers.go:57.76,59.9 2 1
github.com/jfk23/gobookings/internal/handlers/handlers.go:65.2,75.16 7 1
github.com/jfk23/gobookings/internal/handlers/handlers.go:81.2,92.4 5 1
github.com/jfk23/gobookings/internal/handlers/handlers.go:59.9,63.3 3 1
github.com/jfk23/gobookings/internal/handlers/handlers.go:75.16,79.3 3 1
github.com/jfk23/gobookings/internal/handlers/handlers.go:95.80,112.14 5 1
github.com/jfk23/gobookings/internal/handlers/handlers.go:118.2,121.33 3 1
github.com/jfk23/gobookings/internal/handlers/handlers.go:186.2,207.23 7 1
github.com/jfk23/gobookings/internal/handlers/handlers.go:224.2,226.14 2 1
github.com/jfk23/gobookings/internal/handlers/handlers.go:233.2,243.14 3 1
github.com/jfk23/gobookings/internal/handlers/handlers.go:251.2,287.67 8 1
github.com/jfk23/gobookings/internal/handlers/handlers.go:112.14,116.3 3 1
github.com/jfk23/gobookings/internal/handlers/handlers.go:121.33,133.17 6 1
github.com/jfk23/gobookings/internal/handlers/handlers.go:138.3,139.17 2 1
github.com/jfk23/gobookings/internal/handlers/handlers.go:145.3,146.17 2 1
github.com/jfk23/gobookings/internal/handlers/handlers.go:133.17,137.4 3 1
github.com/jfk23/gobookings/internal/handlers/handlers.go:139.17,143.4 3 1
github.com/jfk23/gobookings/internal/handlers/handlers.go:146.17,150.4 3 1
github.com/jfk23/gobookings/internal/handlers/handlers.go:153.8,157.10 2 1
github.com/jfk23/gobookings/internal/handlers/handlers.go:157.10,168.4 3 1
github.com/jfk23/gobookings/internal/handlers/handlers.go:168.9,172.4 3 0
github.com/jfk23/gobookings/internal/handlers/handlers.go:207.23,221.3 6 1
github.com/jfk23/gobookings/internal/handlers/handlers.go:226.14,231.3 3 1
github.com/jfk23/gobookings/internal/handlers/handlers.go:243.14,248.3 3 0
github.com/jfk23/gobookings/internal/handlers/handlers.go:291.83,299.9 5 1
github.com/jfk23/gobookings/internal/handlers/handlers.go:305.2,313.4 4 0
github.com/jfk23/gobookings/internal/handlers/handlers.go:299.9,304.3 3 1
github.com/jfk23/gobookings/internal/handlers/handlers.go:316.73,318.2 1 1
github.com/jfk23/gobookings/internal/handlers/handlers.go:320.71,322.2 1 1
github.com/jfk23/gobookings/internal/handlers/handlers.go:324.72,326.2 1 1
github.com/jfk23/gobookings/internal/handlers/handlers.go:328.71,330.2 1 1
github.com/jfk23/gobookings/internal/handlers/handlers.go:332.75,339.16 6 0
github.com/jfk23/gobookings/internal/handlers/handlers.go:342.2,343.16 2 0
github.com/jfk23/gobookings/internal/handlers/handlers.go:347.2,348.16 2 0
github.com/jfk23/gobookings/internal/handlers/handlers.go:352.2,352.26 1 0
github.com/jfk23/gobookings/internal/handlers/handlers.go:356.2,356.21 1 0
github.com/jfk23/gobookings/internal/handlers/handlers.go:362.2,374.4 5 0
github.com/jfk23/gobookings/internal/handlers/handlers.go:339.16,341.3 1 0
github.com/jfk23/gobookings/internal/handlers/handlers.go:343.16,345.3 1 0
github.com/jfk23/gobookings/internal/handlers/handlers.go:348.16,350.3 1 0
github.com/jfk23/gobookings/internal/handlers/handlers.go:352.26,354.3 1 0
github.com/jfk23/gobookings/internal/handlers/handlers.go:356.21,360.3 3 0
github.com/jfk23/gobookings/internal/handlers/handlers.go:387.79,391.16 2 1
github.com/jfk23/gobookings/internal/handlers/handlers.go:402.2,413.15 8 1
github.com/jfk23/gobookings/internal/handlers/handlers.go:424.2,434.16 3 1
github.com/jfk23/gobookings/internal/handlers/handlers.go:441.2,442.15 2 1
github.com/jfk23/gobookings/internal/handlers/handlers.go:391.16,400.3 5 0
github.com/jfk23/gobookings/internal/handlers/handlers.go:413.15,422.3 5 0
github.com/jfk23/gobookings/internal/handlers/handlers.go:434.16,437.3 2 0
github.com/jfk23/gobookings/internal/handlers/handlers.go:447.70,451.2 1 1
github.com/jfk23/gobookings/internal/handlers/handlers.go:453.75,455.16 2 0
github.com/jfk23/gobookings/internal/handlers/handlers.go:462.2,463.9 2 0
github.com/jfk23/gobookings/internal/handlers/handlers.go:468.2,472.64 3 0
github.com/jfk23/gobookings/internal/handlers/handlers.go:455.16,458.3 2 0
github.com/jfk23/gobookings/internal/handlers/handlers.go:463.9,466.3 2 0
github.com/jfk23/gobookings/internal/handlers/handlers.go:476.73,478.16 2 0
github.com/jfk23/gobookings/internal/handlers/handlers.go:483.2,493.16 7 0
github.com/jfk23/gobookings/internal/handlers/handlers.go:498.2,506.64 7 0
github.com/jfk23/gobookings/internal/handlers/handlers.go:478.16,481.3 2 0
github.com/jfk23/gobookings/internal/handlers/handlers.go:493.16,496.3 2 0
github.com/jfk23/gobookings/internal/handlers/handlers.go:510.74,514.2 1 0
github.com/jfk23/gobookings/internal/handlers/handlers.go:516.78,522.16 4 0
github.com/jfk23/gobookings/internal/handlers/handlers.go:527.2,532.20 4 0
github.com/jfk23/gobookings/internal/handlers/handlers.go:542.2,547.16 4 0
github.com/jfk23/gobookings/internal/handlers/handlers.go:559.2,561.48 3 0
github.com/jfk23/gobookings/internal/handlers/handlers.go:522.16,525.3 2 0
github.com/jfk23/gobookings/internal/handlers/handlers.go:532.20,540.3 3 0
github.com/jfk23/gobookings/internal/handlers/handlers.go:547.16,557.3 4 0
github.com/jfk23/gobookings/internal/handlers/handlers.go:565.75,570.2 3 0
github.com/jfk23/gobookings/internal/handlers/handlers.go:572.79,575.2 1 1
github.com/jfk23/gobookings/internal/handlers/handlers.go:577.85,579.16 2 1
github.com/jfk23/gobookings/internal/handlers/handlers.go:582.2,587.4 3 1
github.com/jfk23/gobookings/internal/handlers/handlers.go:579.16,581.3 1 0
github.com/jfk23/gobookings/internal/handlers/handlers.go:591.85,593.16 2 1
github.com/jfk23/gobookings/internal/handlers/handlers.go:596.2,601.4 3 1
github.com/jfk23/gobookings/internal/handlers/handlers.go:593.16,595.3 1 0
github.com/jfk23/gobookings/internal/handlers/handlers.go:605.90,608.34 2 1
github.com/jfk23/gobookings/internal/handlers/handlers.go:614.2,645.16 17 1
github.com/jfk23/gobookings/internal/handlers/handlers.go:649.2,654.27 2 1
github.com/jfk23/gobookings/internal/handlers/handlers.go:684.2,688.4 1 1
github.com/jfk23/gobookings/internal/handlers/handlers.go:608.34,612.3 3 0
github.com/jfk23/gobookings/internal/handlers/handlers.go:645.16,647.3 1 0
github.com/jfk23/gobookings/internal/handlers/handlers.go:654.27,658.74 3 0
github.com/jfk23/gobookings/internal/handlers/handlers.go:663.3,664.17 2 0
github.com/jfk23/gobookings/internal/handlers/handlers.go:669.3,669.44 1 0
github.com/jfk23/gobookings/internal/handlers/handlers.go:678.3,681.90 3 0
github.com/jfk23/gobookings/internal/handlers/handlers.go:658.74,661.4 2 0
github.com/jfk23/gobookings/internal/handlers/handlers.go:664.17,667.4 2 0
github.com/jfk23/gobookings/internal/handlers/handlers.go:669.44,670.37 1 0
github.com/jfk23/gobookings/internal/handlers/handlers.go:670.37,671.91 1 0
github.com/jfk23/gobookings/internal/handlers/handlers.go:671.91,673.6 1 0
github.com/jfk23/gobookings/internal/handlers/handlers.go:674.10,676.5 1 0
github.com/jfk23/gobookings/internal/handlers/handlers.go:692.85,695.16 3 1
github.com/jfk23/gobookings/internal/handlers/handlers.go:700.2,701.16 2 1
github.com/jfk23/gobookings/internal/handlers/handlers.go:705.2,716.4 6 1
github.com/jfk23/gobookings/internal/handlers/handlers.go:695.16,698.3 2 0
github.com/jfk23/gobookings/internal/handlers/handlers.go:701.16,704.3 2 0
github.com/jfk23/gobookings/internal/handlers/handlers.go:719.89,722.16 2 0
github.com/jfk23/gobookings/internal/handlers/handlers.go:727.2,729.16 3 0
github.com/jfk23/gobookings/internal/handlers/handlers.go:734.2,740.16 5 0
github.com/jfk23/gobookings/internal/handlers/handlers.go:745.2,751.16 6 0
github.com/jfk23/gobookings/internal/handlers/handlers.go:756.2,758.13 2 0
github.com/jfk23/gobookings/internal/handlers/handlers.go:722.16,725.3 2 0
github.com/jfk23/gobookings/internal/handlers/handlers.go:729.16,732.3 2 0
github.com/jfk23/gobookings/internal/handlers/handlers.go:740.16,743.3 2 0
github.com/jfk23/gobookings/internal/handlers/handlers.go:751.16,754.3 2 0
github.com/jfk23/gobookings/internal/handlers/handlers.go:758.13,760.3 1 0
github.com/jfk23/gobookings/internal/handlers/handlers.go:760.8,762.3 1 0
github.com/jfk23/gobookings/internal/handlers/handlers.go:766.88,775.16 7 0
github.com/jfk23/gobookings/internal/handlers/handlers.go:775.16,777.3 1 0
github.com/jfk23/gobookings/internal/handlers/handlers.go:777.8,779.3 1 0
github.com/jfk23/gobookings/internal/handlers/handlers.go:782.87,791.16 7 0
github.com/jfk23/gobookings/internal/handlers/handlers.go:791.16,793.3 1 0
github.com/jfk23/gobookings/internal/handlers/handlers.go:793.8,795.3 1 0
github.com/jfk23/gobookings/internal/handlers/handlers.go:798.94,800.16 2 0
github.com/jfk23/gobookings/internal/handlers/handlers.go:804.2,810.16 4 0
github.com/jfk23/gobookings/internal/handlers/handlers.go:815.2,816.27 2 0
github.com/jfk23/gobookings/internal/handlers/handlers.go:836.2,836.31 1 0
github.com/jfk23/gobookings/internal/handlers/handlers.go:852.2,853.111 2 0
github.com/jfk23/gobookings/internal/handlers/handlers.go:800.16,803.3 2 0
github.com/jfk23/gobookings/internal/handlers/handlers.go:810.16,813.3 2 0
github.com/jfk23/gobookings/internal/handlers/handlers.go:816.27,819.39 2 0
github.com/jfk23/gobookings/internal/handlers/handlers.go:819.39,820.39 1 0
github.com/jfk23/gobookings/internal/handlers/handlers.go:820.39,821.16 1 0
github.com/jfk23/gobookings/internal/handlers/handlers.go:821.16,822.67 1 0
github.com/jfk23/gobookings/internal/handlers/handlers.go:822.67,825.21 3 0
github.com/jfk23/gobookings/internal/handlers/handlers.go:825.21,828.8 2 0
github.com/jfk23/gobookings/internal/handlers/handlers.go:836.31,838.43 1 0
github.com/jfk23/gobookings/internal/handlers/handlers.go:838.43,844.18 6 0
github.com/jfk23/gobookings/internal/handlers/handlers.go:844.18,847.5 2 0
